2023-04-02 22:49:21.758053 - Initialized conversion of CBT229
2023-04-02 22:49:23.014723 - Received CBT.V504.FILE229.PDS from FILE229.XMI 
2023-04-02 22:49:23.017532 - Found $$$$READ.txt (text/plain) in CBT.V504.FILE229.PDS, moved to PDS/$$$$READ
2023-04-02 22:49:23.018547 - Found $$$$VERS.txt (text/plain) in CBT.V504.FILE229.PDS, moved to PDS/$$$$VERS
2023-04-02 22:49:23.019999 - Found $$$#DATE.txt (text/plain) in CBT.V504.FILE229.PDS, moved to PDS/$$$#DATE
2023-04-02 22:49:23.021029 - Found $$PARMS.txt (text/plain) in CBT.V504.FILE229.PDS, moved to PDS/$$PARMS
2023-04-02 22:49:23.022074 - Found $$PARMS1.txt (text/plain) in CBT.V504.FILE229.PDS, moved to PDS/$$PARMS1
2023-04-02 22:49:23.023200 - Found $$PARMS2.txt (text/plain) in CBT.V504.FILE229.PDS, moved to PDS/$$PARMS2
2023-04-02 22:49:23.024227 - Found $$TAPLBL.txt (text/plain) in CBT.V504.FILE229.PDS, moved to PDS/$$TAPLBL
2023-04-02 22:49:23.025140 - Found $BUGS.txt (text/plain) in CBT.V504.FILE229.PDS, moved to PDS/$BUGS
2023-04-02 22:49:23.026042 - Found $COPLADD.jcl (text/plain) in CBT.V504.FILE229.PDS, moved to PDS/$COPLADD
2023-04-02 22:49:23.026966 - Found $COPLAD1.jcl (text/plain) in CBT.V504.FILE229.PDS, moved to PDS/$COPLAD1
2023-04-02 22:49:23.027913 - Found $COPLDMP.jcl (text/plain) in CBT.V504.FILE229.PDS, moved to PDS/$COPLDMP
2023-04-02 22:49:23.028887 - Found $COPLDM1.jcl (text/plain) in CBT.V504.FILE229.PDS, moved to PDS/$COPLDM1
2023-04-02 22:49:23.029818 - Found $COPYMO1.jcl (text/plain) in CBT.V504.FILE229.PDS, moved to PDS/$COPYMO1
2023-04-02 22:49:23.031089 - Found $INITVOL.jcl (text/plain) in CBT.V504.FILE229.PDS, moved to PDS/$INITVOL
2023-04-02 22:49:23.032076 - Found $NOTES.txt (text/plain) in CBT.V504.FILE229.PDS, moved to PDS/$NOTES
2023-04-02 22:49:23.033426 - Found $SAMPEXT.txt (text/plain) in CBT.V504.FILE229.PDS, moved to PDS/$SAMPEXT
2023-04-02 22:49:23.034368 - Found $SLDOC.txt (text/plain) in CBT.V504.FILE229.PDS, moved to PDS/$SLDOC
2023-04-02 22:49:23.035763 - Found $SLDOC1.txt (text/plain) in CBT.V504.FILE229.PDS, moved to PDS/$SLDOC1
2023-04-02 22:49:23.036684 - Found $TESTPLN.txt (text/plain) in CBT.V504.FILE229.PDS, moved to PDS/$TESTPLN
2023-04-02 22:49:23.037565 - Found #$MANUAL.jcl (text/plain) in CBT.V504.FILE229.PDS, moved to PDS/#$MANUAL
2023-04-02 22:49:23.038839 - Found #MANUAL.txt (text/plain) in CBT.V504.FILE229.PDS, moved to PDS/#MANUAL
2023-04-02 22:49:23.039896 - Found @FILE229.txt (text/plain) in CBT.V504.FILE229.PDS, moved to PDS/@FILE229
2023-04-02 22:49:23.040828 - Found CKIEBG$$.jcl (text/plain) in CBT.V504.FILE229.PDS, moved to PDS/CKIEBG$$
2023-04-02 22:49:23.041722 - Found CKIEBGE$.jcl (text/plain) in CBT.V504.FILE229.PDS, moved to PDS/CKIEBGE$
2023-04-02 22:49:23.042623 - Found CKIEBGEN.txt (text/plain) in CBT.V504.FILE229.PDS, moved to PDS/CKIEBGEN
2023-04-02 22:49:23.043923 - Found CKIEBG01.jcl (text/plain) in CBT.V504.FILE229.PDS, moved to PDS/CKIEBG01
2023-04-02 22:49:23.044892 - Found CKIEBG06.txt (text/plain) in CBT.V504.FILE229.PDS, moved to PDS/CKIEBG06
2023-04-02 22:49:23.045797 - Found CKIEBG07.txt (text/plain) in CBT.V504.FILE229.PDS, moved to PDS/CKIEBG07
2023-04-02 22:49:23.046759 - Found COPYFIL$.jcl (text/plain) in CBT.V504.FILE229.PDS, moved to PDS/COPYFIL$
2023-04-02 22:49:23.047741 - Found COPYFIL#.txt (text/plain) in CBT.V504.FILE229.PDS, moved to PDS/COPYFIL#
2023-04-02 22:49:23.048866 - Found COPYFILE.txt (text/plain) in CBT.V504.FILE229.PDS, moved to PDS/COPYFILE
2023-04-02 22:49:23.049955 - Found COPYFILO.txt (text/plain) in CBT.V504.FILE229.PDS, moved to PDS/COPYFILO
2023-04-02 22:49:23.051037 - Found COPYFILP.txt (text/plain) in CBT.V504.FILE229.PDS, moved to PDS/COPYFILP
2023-04-02 22:49:23.052010 - Found COPYFIL1.jcl (text/plain) in CBT.V504.FILE229.PDS, moved to PDS/COPYFIL1
2023-04-02 22:49:23.053531 - Found COPYFIL2.jcl (text/plain) in CBT.V504.FILE229.PDS, moved to PDS/COPYFIL2
2023-04-02 22:49:23.054521 - Found COPYFIL3.jcl (text/plain) in CBT.V504.FILE229.PDS, moved to PDS/COPYFIL3
2023-04-02 22:49:23.055798 - Found COPYMOD$.jcl (text/plain) in CBT.V504.FILE229.PDS, moved to PDS/COPYMOD$
2023-04-02 22:49:23.056753 - Found COPYMOD#.txt (text/plain) in CBT.V504.FILE229.PDS, moved to PDS/COPYMOD#
2023-04-02 22:49:23.057682 - Found COPYMODA.jcl (text/plain) in CBT.V504.FILE229.PDS, moved to PDS/COPYMODA
2023-04-02 22:49:23.058605 - Found COPYMODB.jcl (text/plain) in CBT.V504.FILE229.PDS, moved to PDS/COPYMODB
2023-04-02 22:49:23.060113 - Found COPYMODO.txt (text/plain) in CBT.V504.FILE229.PDS, moved to PDS/COPYMODO
2023-04-02 22:49:23.062497 - Found COPYMODS.txt (text/plain) in CBT.V504.FILE229.PDS, moved to PDS/COPYMODS
2023-04-02 22:49:23.063511 - Found COPYMODT.txt (text/plain) in CBT.V504.FILE229.PDS, moved to PDS/COPYMODT
2023-04-02 22:49:23.065180 - Found COPYMO56.txt (text/plain) in CBT.V504.FILE229.PDS, moved to PDS/COPYMO56
2023-04-02 22:49:23.067386 - Found COPYMO83.txt (text/plain) in CBT.V504.FILE229.PDS, moved to PDS/COPYMO83
2023-04-02 22:49:23.069516 - Found COPYMO84.txt (text/plain) in CBT.V504.FILE229.PDS, moved to PDS/COPYMO84
2023-04-02 22:49:23.072138 - Found COPYMO85.txt (text/plain) in CBT.V504.FILE229.PDS, moved to PDS/COPYMO85
2023-04-02 22:49:23.074518 - Found COPYMO86.txt (text/plain) in CBT.V504.FILE229.PDS, moved to PDS/COPYMO86
2023-04-02 22:49:23.075717 - Found COPYNLN$.jcl (text/plain) in CBT.V504.FILE229.PDS, moved to PDS/COPYNLN$
2023-04-02 22:49:23.076680 - Found COPYNLN#.txt (text/plain) in CBT.V504.FILE229.PDS, moved to PDS/COPYNLN#
2023-04-02 22:49:23.078176 - Found COPYNLNL.txt (text/plain) in CBT.V504.FILE229.PDS, moved to PDS/COPYNLNL
2023-04-02 22:49:23.079436 - Found COPYNLNO.txt (text/plain) in CBT.V504.FILE229.PDS, moved to PDS/COPYNLNO
2023-04-02 22:49:23.080433 - Found COPYSLN$.jcl (text/plain) in CBT.V504.FILE229.PDS, moved to PDS/COPYSLN$
2023-04-02 22:49:23.081357 - Found COPYSLN#.txt (text/plain) in CBT.V504.FILE229.PDS, moved to PDS/COPYSLN#
2023-04-02 22:49:23.082413 - Found COPYSLNL.txt (text/plain) in CBT.V504.FILE229.PDS, moved to PDS/COPYSLNL
2023-04-02 22:49:23.083866 - Found COPYSLNO.txt (text/plain) in CBT.V504.FILE229.PDS, moved to PDS/COPYSLNO
2023-04-02 22:49:23.085165 - Found COPYSLN1.jcl (text/plain) in CBT.V504.FILE229.PDS, moved to PDS/COPYSLN1
2023-04-02 22:49:23.086109 - Found COPYSLN2.jcl (text/plain) in CBT.V504.FILE229.PDS, moved to PDS/COPYSLN2
2023-04-02 22:49:23.087029 - Found COPYSLN3.jcl (text/plain) in CBT.V504.FILE229.PDS, moved to PDS/COPYSLN3
2023-04-02 22:49:23.088037 - Found IEBTBLK.txt (text/plain) in CBT.V504.FILE229.PDS, moved to PDS/IEBTBLK
2023-04-02 22:49:23.088897 - Found IEBTBLK$.jcl (text/plain) in CBT.V504.FILE229.PDS, moved to PDS/IEBTBLK$
2023-04-02 22:49:23.089772 - Found IGG019WD.txt (text/plain) in CBT.V504.FILE229.PDS, moved to PDS/IGG019WD
2023-04-02 22:49:23.090707 - Found IGG019WE.txt (text/plain) in CBT.V504.FILE229.PDS, moved to PDS/IGG019WE
2023-04-02 22:49:23.091858 - Found MSGWRITE.txt (text/plain) in CBT.V504.FILE229.PDS, moved to PDS/MSGWRITE
2023-04-02 22:49:23.093072 - Found MSGZ.txt (text/plain) in CBT.V504.FILE229.PDS, moved to PDS/MSGZ
2023-04-02 22:49:23.094131 - Found PRIME.txt (text/plain) in CBT.V504.FILE229.PDS, moved to PDS/PRIME
2023-04-02 22:49:23.095041 - Found TAPEL.txt (text/plain) in CBT.V504.FILE229.PDS, moved to PDS/TAPEL
2023-04-02 22:49:23.096062 - Found TERME.txt (text/plain) in CBT.V504.FILE229.PDS, moved to PDS/TERME
2023-04-02 22:49:23.097001 - Found TLPRINT.txt (text/plain) in CBT.V504.FILE229.PDS, moved to PDS/TLPRINT
2023-04-02 22:49:23.097897 - Found TLPRNT.txt (text/plain) in CBT.V504.FILE229.PDS, moved to PDS/TLPRNT
